[ 2015-09-25T11:28:40+08:00 ] 127.0.0.1 /test/wish/
INFO: [ app_begin ] --START--
INFO: ReadHtmlCache Behavior ::run [ RunTime:0.012667s ]
INFO: [ app_begin ] --END-- [ RunTime:0.017459s ]
SQL: SHOW COLUMNS FROM `hd_wish` [ RunTime:0.044526s ]
SQL: SELECT * FROM `hd_wish`  [ RunTime:0.011277s ]
INFO: [ view_parse ] --START--
INFO: ParseTemplate Behavior ::run [ RunTime:0.293370s ]
INFO: [ view_parse ] --END-- [ RunTime:0.297433s ]
INFO: [ view_filter ] --START--
INFO: ContentReplace Behavior ::run [ RunTime:0.087336s ]
INFO: TokenBuild Behavior ::run [ RunTime:0.015730s ]
INFO: WriteHtmlCache Behavior ::run [ RunTime:0.009599s ]
INFO: ShowRuntime Behavior ::run [ RunTime:0.019743s ]
INFO: [ view_filter ] --END-- [ RunTime:0.149933s ]
INFO: [ view_end ] --START--
INFO: ShowPageTrace Behavior ::run [ RunTime:0.015366s ]
INFO: [ view_end ] --END-- [ RunTime:0.021037s ]

[ 2015-09-25T11:28:48+08:00 ] 127.0.0.1 /test/wish/index.php
INFO: [ app_begin ] --START--
INFO: ReadHtmlCache Behavior ::run [ RunTime:0.004224s ]
INFO: [ app_begin ] --END-- [ RunTime:0.006144s ]
SQL: SHOW COLUMNS FROM `hd_wish` [ RunTime:0.007488s ]
SQL: SELECT * FROM `hd_wish`  [ RunTime:0.000969s ]
INFO: [ view_parse ] --START--
INFO: ParseTemplate Behavior ::run [ RunTime:0.081485s ]
INFO: [ view_parse ] --END-- [ RunTime:0.083302s ]
INFO: [ view_filter ] --START--
INFO: ContentReplace Behavior ::run [ RunTime:0.004229s ]
INFO: TokenBuild Behavior ::run [ RunTime:0.004225s ]
INFO: WriteHtmlCache Behavior ::run [ RunTime:0.002508s ]
INFO: ShowRuntime Behavior ::run [ RunTime:0.005302s ]
INFO: [ view_filter ] --END-- [ RunTime:0.021643s ]
INFO: [ view_end ] --START--
INFO: ShowPageTrace Behavior ::run [ RunTime:0.005196s ]
INFO: [ view_end ] --END-- [ RunTime:0.007020s ]

[ 2015-09-25T11:28:53+08:00 ] 127.0.0.1 /test/wish/index.php/admin
INFO: [ route_check ] --START--
INFO: CheckRoute Behavior ::run [ RunTime:0.146112s ]
INFO: [ route_check ] --END-- [ RunTime:0.148130s ]
INFO: [ app_begin ] --START--
INFO: ReadHtmlCache Behavior ::run [ RunTime:0.016773s ]
INFO: [ app_begin ] --END-- [ RunTime:0.025723s ]

[ 2015-09-25T11:28:53+08:00 ] 127.0.0.1 /test/wish/index.php/Admin/Login/index
INFO: [ route_check ] --START--
INFO: CheckRoute Behavior ::run [ RunTime:0.006811s ]
INFO: [ route_check ] --END-- [ RunTime:0.010605s ]
INFO: [ app_begin ] --START--
INFO: ReadHtmlCache Behavior ::run [ RunTime:0.008022s ]
INFO: [ app_begin ] --END-- [ RunTime:0.011918s ]
INFO: [ view_parse ] --START--
INFO: ParseTemplate Behavior ::run [ RunTime:0.094676s ]
INFO: [ view_parse ] --END-- [ RunTime:0.098016s ]
INFO: [ view_filter ] --START--
INFO: ContentReplace Behavior ::run [ RunTime:0.004518s ]
INFO: TokenBuild Behavior ::run [ RunTime:0.004333s ]
INFO: WriteHtmlCache Behavior ::run [ RunTime:0.004248s ]
INFO: ShowRuntime Behavior ::run [ RunTime:0.005979s ]
INFO: [ view_filter ] --END-- [ RunTime:0.027077s ]
INFO: [ view_end ] --START--
INFO: ShowPageTrace Behavior ::run [ RunTime:0.005512s ]
INFO: [ view_end ] --END-- [ RunTime:0.008472s ]

[ 2015-09-25T11:28:54+08:00 ] 127.0.0.1 /test/wish/index.php/Admin/Login/verify
INFO: [ route_check ] --START--
INFO: CheckRoute Behavior ::run [ RunTime:0.002459s ]
INFO: [ route_check ] --END-- [ RunTime:0.004246s ]
INFO: [ app_begin ] --START--
INFO: ReadHtmlCache Behavior ::run [ RunTime:0.002968s ]
INFO: [ app_begin ] --END-- [ RunTime:0.004748s ]

[ 2015-09-25T11:28:58+08:00 ] 127.0.0.1 /test/wish/index.php/Admin/Login/login
INFO: [ route_check ] --START--
INFO: CheckRoute Behavior ::run [ RunTime:0.002630s ]
INFO: [ route_check ] --END-- [ RunTime:0.004156s ]
INFO: [ app_begin ] --START--
INFO: ReadHtmlCache Behavior ::run [ RunTime:0.004037s ]
INFO: [ app_begin ] --END-- [ RunTime:0.005996s ]
SQL: SHOW COLUMNS FROM `hd_user` [ RunTime:0.056353s ]
SQL: SELECT * FROM `hd_user` WHERE ( `username` = 'lisi' ) LIMIT 1   [ RunTime:0.001087s ]
SQL: UPDATE `hd_user` SET `logintime`=1443151737,`loginip`='127.0.0.1' WHERE ( `id` = 7 ) [ RunTime:0.001195s ]
NOTIC: [8] Undefined index:  superadmin F:\Web\www\Test\wish\ThinkPHP\Extend\Library\ORG\Util\RBAC.class.php 第 94 行.
SQL: select node.id,node.name from hd_role as role,hd_role_user as user,hd_access as access ,hd_node as node where user.user_id='7' and user.role_id=role.id and ( access.role_id=role.id  or (access.role_id=role.pid and role.pid!=0 ) ) and role.status=1 and access.node_id=node.id and node.level=1 and node.status=1 [ RunTime:0.077618s ]
SQL: select node.id,node.name from hd_role as role,hd_role_user as user,hd_access as access ,hd_node as node where user.user_id='7' and user.role_id=role.id and ( access.role_id=role.id  or (access.role_id=role.pid and role.pid!=0 ) ) and role.status=1 and access.node_id=node.id and node.level=2 and node.pid=1 and node.status=1 [ RunTime:0.001404s ]
SQL: select node.id,node.name from hd_role as role,hd_role_user as user,hd_access as access ,hd_node as node where user.user_id='7' and user.role_id=role.id and ( access.role_id=role.id  or (access.role_id=role.pid and role.pid!=0 ) ) and role.status=1 and access.node_id=node.id and node.level=3 and node.pid=4 and node.status=1 [ RunTime:0.001723s ]

[ 2015-09-25T11:28:58+08:00 ] 127.0.0.1 /test/wish/index.php/Admin/Index/index
INFO: [ route_check ] --START--
INFO: CheckRoute Behavior ::run [ RunTime:0.003435s ]
INFO: [ route_check ] --END-- [ RunTime:0.005437s ]
INFO: [ app_begin ] --START--
INFO: ReadHtmlCache Behavior ::run [ RunTime:0.003418s ]
INFO: [ app_begin ] --END-- [ RunTime:0.008169s ]
INFO: [ view_parse ] --START--
INFO: ParseTemplate Behavior ::run [ RunTime:0.092031s ]
INFO: [ view_parse ] --END-- [ RunTime:0.093680s ]
INFO: [ view_filter ] --START--
INFO: ContentReplace Behavior ::run [ RunTime:0.002521s ]
INFO: TokenBuild Behavior ::run [ RunTime:0.002987s ]
INFO: WriteHtmlCache Behavior ::run [ RunTime:0.001895s ]
INFO: ShowRuntime Behavior ::run [ RunTime:0.004047s ]
INFO: [ view_filter ] --END-- [ RunTime:0.015848s ]
INFO: [ view_end ] --START--
INFO: ShowPageTrace Behavior ::run [ RunTime:0.002840s ]
INFO: [ view_end ] --END-- [ RunTime:0.004366s ]

[ 2015-09-25T11:29:04+08:00 ] 127.0.0.1 /test/wish/index.php/Admin/Index/logout
INFO: [ route_check ] --START--
INFO: CheckRoute Behavior ::run [ RunTime:0.005437s ]
INFO: [ route_check ] --END-- [ RunTime:0.008605s ]
INFO: [ app_begin ] --START--
INFO: ReadHtmlCache Behavior ::run [ RunTime:0.006125s ]
INFO: [ app_begin ] --END-- [ RunTime:0.009738s ]

[ 2015-09-25T11:29:04+08:00 ] 127.0.0.1 /test/wish/index.php/Admin/Login/index
INFO: [ route_check ] --START--
INFO: CheckRoute Behavior ::run [ RunTime:0.003236s ]
INFO: [ route_check ] --END-- [ RunTime:0.005618s ]
INFO: [ app_begin ] --START--
INFO: ReadHtmlCache Behavior ::run [ RunTime:0.005784s ]
INFO: [ app_begin ] --END-- [ RunTime:0.008270s ]
INFO: [ view_parse ] --START--
INFO: ParseTemplate Behavior ::run [ RunTime:0.044233s ]
INFO: [ view_parse ] --END-- [ RunTime:0.046182s ]
INFO: [ view_filter ] --START--
INFO: ContentReplace Behavior ::run [ RunTime:0.002365s ]
INFO: TokenBuild Behavior ::run [ RunTime:0.004135s ]
INFO: WriteHtmlCache Behavior ::run [ RunTime:0.001550s ]
INFO: ShowRuntime Behavior ::run [ RunTime:0.003987s ]
INFO: [ view_filter ] --END-- [ RunTime:0.016729s ]
INFO: [ view_end ] --START--
INFO: ShowPageTrace Behavior ::run [ RunTime:0.002845s ]
INFO: [ view_end ] --END-- [ RunTime:0.004476s ]

[ 2015-09-25T11:29:04+08:00 ] 127.0.0.1 /test/wish/index.php/Admin/Login/verify
INFO: [ route_check ] --START--
INFO: CheckRoute Behavior ::run [ RunTime:0.003009s ]
INFO: [ route_check ] --END-- [ RunTime:0.004878s ]
INFO: [ app_begin ] --START--
INFO: ReadHtmlCache Behavior ::run [ RunTime:0.003755s ]
INFO: [ app_begin ] --END-- [ RunTime:0.005324s ]

