[ 2015-10-16T20:32:06+08:00 ] 127.0.0.1 /test/wish/index.php/Admin/index
INFO: [ route_check ] --START--
INFO: CheckRoute Behavior ::run [ RunTime:0.004409s ]
INFO: [ route_check ] --END-- [ RunTime:0.006518s ]
INFO: [ app_begin ] --START--
INFO: ReadHtmlCache Behavior ::run [ RunTime:0.005426s ]
INFO: [ app_begin ] --END-- [ RunTime:0.007075s ]
ERR: 无法加载模块:index

[ 2015-10-16T20:32:17+08:00 ] 127.0.0.1 /test/wish/index.php/Admin/
INFO: [ route_check ] --START--
INFO: CheckRoute Behavior ::run [ RunTime:0.005820s ]
INFO: [ route_check ] --END-- [ RunTime:0.007824s ]
INFO: [ app_begin ] --START--
INFO: ReadHtmlCache Behavior ::run [ RunTime:0.005498s ]
INFO: [ app_begin ] --END-- [ RunTime:0.007612s ]

[ 2015-10-16T20:32:17+08:00 ] 127.0.0.1 /test/wish/index.php/Admin/Login/index
INFO: [ route_check ] --START--
INFO: CheckRoute Behavior ::run [ RunTime:0.003886s ]
INFO: [ route_check ] --END-- [ RunTime:0.006471s ]
INFO: [ app_begin ] --START--
INFO: ReadHtmlCache Behavior ::run [ RunTime:0.004565s ]
INFO: [ app_begin ] --END-- [ RunTime:0.006875s ]
INFO: [ view_parse ] --START--
INFO: ParseTemplate Behavior ::run [ RunTime:0.105691s ]
INFO: [ view_parse ] --END-- [ RunTime:0.107606s ]
INFO: [ view_filter ] --START--
INFO: ContentReplace Behavior ::run [ RunTime:0.003810s ]
INFO: TokenBuild Behavior ::run [ RunTime:0.011837s ]
INFO: WriteHtmlCache Behavior ::run [ RunTime:0.003026s ]
INFO: ShowRuntime Behavior ::run [ RunTime:0.007465s ]
INFO: [ view_filter ] --END-- [ RunTime:0.030613s ]
INFO: [ view_end ] --START--
INFO: ShowPageTrace Behavior ::run [ RunTime:0.005188s ]
INFO: [ view_end ] --END-- [ RunTime:0.008556s ]

[ 2015-10-16T20:32:17+08:00 ] 127.0.0.1 /test/wish/index.php/Admin/Login/verify
INFO: [ route_check ] --START--
INFO: CheckRoute Behavior ::run [ RunTime:0.002869s ]
INFO: [ route_check ] --END-- [ RunTime:0.004730s ]
INFO: [ app_begin ] --START--
INFO: ReadHtmlCache Behavior ::run [ RunTime:0.003331s ]
INFO: [ app_begin ] --END-- [ RunTime:0.005782s ]

[ 2015-10-16T20:32:22+08:00 ] 127.0.0.1 /test/wish/index.php/Admin/Login/login
INFO: [ route_check ] --START--
INFO: CheckRoute Behavior ::run [ RunTime:0.003302s ]
INFO: [ route_check ] --END-- [ RunTime:0.005872s ]
INFO: [ app_begin ] --START--
INFO: ReadHtmlCache Behavior ::run [ RunTime:0.004812s ]
INFO: [ app_begin ] --END-- [ RunTime:0.006794s ]
SQL: SHOW COLUMNS FROM `hd_user` [ RunTime:0.050296s ]
SQL: SELECT * FROM `hd_user` WHERE ( `username` = 'admin' ) LIMIT 1   [ RunTime:0.001313s ]
SQL: UPDATE `hd_user` SET `logintime`=1444998742,`loginip`='127.0.0.1' WHERE ( `id` = 1 ) [ RunTime:0.001691s ]

[ 2015-10-16T20:32:22+08:00 ] 127.0.0.1 /test/wish/index.php/Admin/Index/index
INFO: [ route_check ] --START--
INFO: CheckRoute Behavior ::run [ RunTime:0.003840s ]
INFO: [ route_check ] --END-- [ RunTime:0.005643s ]
INFO: [ app_begin ] --START--
INFO: ReadHtmlCache Behavior ::run [ RunTime:0.004033s ]
INFO: [ app_begin ] --END-- [ RunTime:0.006502s ]
INFO: [ view_parse ] --START--
INFO: ParseTemplate Behavior ::run [ RunTime:0.081079s ]
INFO: [ view_parse ] --END-- [ RunTime:0.083106s ]
INFO: [ view_filter ] --START--
INFO: ContentReplace Behavior ::run [ RunTime:0.002662s ]
INFO: TokenBuild Behavior ::run [ RunTime:0.003729s ]
INFO: WriteHtmlCache Behavior ::run [ RunTime:0.001701s ]
INFO: ShowRuntime Behavior ::run [ RunTime:0.006411s ]
INFO: [ view_filter ] --END-- [ RunTime:0.019694s ]
INFO: [ view_end ] --START--
INFO: ShowPageTrace Behavior ::run [ RunTime:0.003023s ]
INFO: [ view_end ] --END-- [ RunTime:0.004643s ]

[ 2015-10-16T20:32:48+08:00 ] 127.0.0.1 /test/wish/index.php/Admin/MsgManage/index
INFO: [ route_check ] --START--
INFO: CheckRoute Behavior ::run [ RunTime:0.003224s ]
INFO: [ route_check ] --END-- [ RunTime:0.005265s ]
INFO: [ app_begin ] --START--
INFO: ReadHtmlCache Behavior ::run [ RunTime:0.003855s ]
INFO: [ app_begin ] --END-- [ RunTime:0.006073s ]
SQL: SHOW COLUMNS FROM `hd_wish` [ RunTime:0.029254s ]
SQL: SELECT COUNT(*) AS tp_count FROM `hd_wish` LIMIT 1   [ RunTime:0.000828s ]
SQL: SELECT * FROM `hd_wish` ORDER BY time Desc LIMIT 0,10   [ RunTime:0.001554s ]
INFO: [ view_parse ] --START--
INFO: ParseTemplate Behavior ::run [ RunTime:0.099529s ]
INFO: [ view_parse ] --END-- [ RunTime:0.101700s ]
INFO: [ view_filter ] --START--
INFO: ContentReplace Behavior ::run [ RunTime:0.002727s ]
INFO: TokenBuild Behavior ::run [ RunTime:0.004274s ]
INFO: WriteHtmlCache Behavior ::run [ RunTime:0.002221s ]
INFO: ShowRuntime Behavior ::run [ RunTime:0.005562s ]
INFO: [ view_filter ] --END-- [ RunTime:0.020965s ]
INFO: [ view_end ] --START--
INFO: ShowPageTrace Behavior ::run [ RunTime:0.003758s ]
INFO: [ view_end ] --END-- [ RunTime:0.005941s ]

[ 2015-10-16T20:35:03+08:00 ] 127.0.0.1 /test/wish/index.php/Admin/Index/logout
INFO: [ route_check ] --START--
INFO: CheckRoute Behavior ::run [ RunTime:0.003688s ]
INFO: [ route_check ] --END-- [ RunTime:0.005305s ]
INFO: [ app_begin ] --START--
INFO: ReadHtmlCache Behavior ::run [ RunTime:0.005684s ]
INFO: [ app_begin ] --END-- [ RunTime:0.007751s ]

[ 2015-10-16T20:35:03+08:00 ] 127.0.0.1 /test/wish/index.php/Admin/Login/index
INFO: [ route_check ] --START--
INFO: CheckRoute Behavior ::run [ RunTime:0.003971s ]
INFO: [ route_check ] --END-- [ RunTime:0.006111s ]
INFO: [ app_begin ] --START--
INFO: ReadHtmlCache Behavior ::run [ RunTime:0.003922s ]
INFO: [ app_begin ] --END-- [ RunTime:0.006244s ]
INFO: [ view_parse ] --START--
INFO: ParseTemplate Behavior ::run [ RunTime:0.069721s ]
INFO: [ view_parse ] --END-- [ RunTime:0.071530s ]
INFO: [ view_filter ] --START--
INFO: ContentReplace Behavior ::run [ RunTime:0.005327s ]
INFO: TokenBuild Behavior ::run [ RunTime:0.005261s ]
INFO: WriteHtmlCache Behavior ::run [ RunTime:0.004002s ]
INFO: ShowRuntime Behavior ::run [ RunTime:0.007069s ]
INFO: [ view_filter ] --END-- [ RunTime:0.028443s ]
INFO: [ view_end ] --START--
INFO: ShowPageTrace Behavior ::run [ RunTime:0.007001s ]
INFO: [ view_end ] --END-- [ RunTime:0.010722s ]

[ 2015-10-16T20:35:03+08:00 ] 127.0.0.1 /test/wish/index.php/Admin/Login/verify
INFO: [ route_check ] --START--
INFO: CheckRoute Behavior ::run [ RunTime:0.003821s ]
INFO: [ route_check ] --END-- [ RunTime:0.006364s ]
INFO: [ app_begin ] --START--
INFO: ReadHtmlCache Behavior ::run [ RunTime:0.005273s ]
INFO: [ app_begin ] --END-- [ RunTime:0.008078s ]

